[2024-11-11 11:27:27] [INFO]    [OmnipathR] Welcome to OmnipathR!
[2024-11-11 11:27:27] [INFO]    [OmnipathR] OmnipathR version: 3.13.5
[2024-11-11 11:27:27] [TRACE]   [OmnipathR] Reading JSON from `/Users/yizhaoluan/Library/Caches/OmnipathR/cache.json` (encoding: UTF-8).
[2024-11-11 11:27:27] [TRACE]   [OmnipathR] JSON validation successful: TRUE
[2024-11-11 11:27:27] [INFO]    [OmnipathR] Initialized cache: `/Users/yizhaoluan/Library/Caches/OmnipathR`.
[2024-11-11 11:27:27] [TRACE]   [OmnipathR] Reading JSON from `/Library/Frameworks/R.framework/Versions/4.2-arm64/Resources/library/OmnipathR/db/db_def.json` (encoding: UTF-8).
[2024-11-11 11:27:27] [TRACE]   [OmnipathR] JSON validation successful: TRUE
[2024-11-11 11:27:27] [TRACE]   [OmnipathR] Reading JSON from `/Library/Frameworks/R.framework/Versions/4.2-arm64/Resources/library/OmnipathR/internal/magic_bytes.json` (encoding: UTF-8).
[2024-11-11 11:27:27] [TRACE]   [OmnipathR] JSON validation successful: TRUE
[2024-11-11 11:27:27] [TRACE]   [OmnipathR] Reading JSON from `/Library/Frameworks/R.framework/Versions/4.2-arm64/Resources/library/OmnipathR/internal/urls.json` (encoding: UTF-8).
[2024-11-11 11:27:27] [TRACE]   [OmnipathR] JSON validation successful: TRUE
[2024-11-11 11:27:27] [TRACE]   [OmnipathR] Reading JSON from `/Library/Frameworks/R.framework/Versions/4.2-arm64/Resources/library/OmnipathR/internal/id_types.json` (encoding: UTF-8).
[2024-11-11 11:27:27] [TRACE]   [OmnipathR] JSON validation successful: TRUE
[2024-11-11 11:27:46] [INFO]    [OmnipathR] Welcome to OmnipathR!
[2024-11-11 11:27:46] [INFO]    [OmnipathR] OmnipathR version: 3.13.5
[2024-11-11 11:27:46] [TRACE]   [OmnipathR] Reading JSON from `/Users/yizhaoluan/Library/Caches/OmnipathR/cache.json` (encoding: UTF-8).
[2024-11-11 11:27:46] [TRACE]   [OmnipathR] JSON validation successful: TRUE
[2024-11-11 11:27:46] [INFO]    [OmnipathR] Initialized cache: `/Users/yizhaoluan/Library/Caches/OmnipathR`.
[2024-11-11 11:27:46] [TRACE]   [OmnipathR] Reading JSON from `/Library/Frameworks/R.framework/Versions/4.2-arm64/Resources/library/OmnipathR/db/db_def.json` (encoding: UTF-8).
[2024-11-11 11:27:46] [TRACE]   [OmnipathR] JSON validation successful: TRUE
[2024-11-11 11:27:46] [TRACE]   [OmnipathR] Reading JSON from `/Library/Frameworks/R.framework/Versions/4.2-arm64/Resources/library/OmnipathR/internal/magic_bytes.json` (encoding: UTF-8).
[2024-11-11 11:27:46] [TRACE]   [OmnipathR] JSON validation successful: TRUE
[2024-11-11 11:27:46] [TRACE]   [OmnipathR] Reading JSON from `/Library/Frameworks/R.framework/Versions/4.2-arm64/Resources/library/OmnipathR/internal/urls.json` (encoding: UTF-8).
[2024-11-11 11:27:46] [TRACE]   [OmnipathR] JSON validation successful: TRUE
[2024-11-11 11:27:46] [TRACE]   [OmnipathR] Reading JSON from `/Library/Frameworks/R.framework/Versions/4.2-arm64/Resources/library/OmnipathR/internal/id_types.json` (encoding: UTF-8).
[2024-11-11 11:27:46] [TRACE]   [OmnipathR] JSON validation successful: TRUE
